[2024-12-06 12:07:28] local.ERROR: Uncaught ErrorException: include(C:\Users\Administrator\group-cv-dashboard\app\Middleware.php): Failed to open stream: Permission denied in C:\Users\Administrator\group-cv-dashboard\vendor\composer\ClassLoader.php:576
Stack trace:
#0 C:\Users\Administrator\group-cv-dashboard\vendor\laravel\framework\src\Illuminate\Foundation\Bootstrap\HandleExceptions.php(281): Illuminate\Foundation\Bootstrap\HandleExceptions->handleError(2, 'include(C:\\User...', 'C:\\Users\\Admini...', 576)
#1 C:\Users\Administrator\group-cv-dashboard\vendor\composer\ClassLoader.php(576): Illuminate\Foundation\Bootstrap\HandleExceptions->Illuminate\Foundation\Bootstrap\{closure}(2, 'include(C:\\User...', 'C:\\Users\\Admini...', 576)
#2 C:\Users\Administrator\group-cv-dashboard\vendor\composer\ClassLoader.php(576): include('C:\\Users\\Admini...')
#3 C:\Users\Administrator\group-cv-dashboard\vendor\composer\ClassLoader.php(427): Composer\Autoload\{closure}('C:\\Users\\Admini...')
#4 [internal function]: Composer\Autoload\ClassLoader->loadClass('App\\Middleware')
#5 Command line code(1): class_exists('App\\Middleware')
#6 [internal function]: {closure}('App\\Middleware')
#7 Command line code(1): array_filter(Array, Object(Closure))
#8 {main}
  thrown {"exception":"[object] (Symfony\\Component\\ErrorHandler\\Error\\FatalError(code: 0): Uncaught ErrorException: include(C:\\Users\\Administrator\\group-cv-dashboard\\app\\Middleware.php): Failed to open stream: Permission denied in C:\\Users\\Administrator\\group-cv-dashboard\\vendor\\composer\\ClassLoader.php:576
Stack trace:
#0 C:\\Users\\Administrator\\group-cv-dashboard\\vendor\\laravel\\framework\\src\\Illuminate\\Foundation\\Bootstrap\\HandleExceptions.php(281): Illuminate\\Foundation\\Bootstrap\\HandleExceptions->handleError(2, 'include(C:\\\\User...', 'C:\\\\Users\\\\Admini...', 576)
#1 C:\\Users\\Administrator\\group-cv-dashboard\\vendor\\composer\\ClassLoader.php(576): Illuminate\\Foundation\\Bootstrap\\HandleExceptions->Illuminate\\Foundation\\Bootstrap\\{closure}(2, 'include(C:\\\\User...', 'C:\\\\Users\\\\Admini...', 576)
#2 C:\\Users\\Administrator\\group-cv-dashboard\\vendor\\composer\\ClassLoader.php(576): include('C:\\\\Users\\\\Admini...')
#3 C:\\Users\\Administrator\\group-cv-dashboard\\vendor\\composer\\ClassLoader.php(427): Composer\\Autoload\\{closure}('C:\\\\Users\\\\Admini...')
#4 [internal function]: Composer\\Autoload\\ClassLoader->loadClass('App\\\\Middleware')
#5 Command line code(1): class_exists('App\\\\Middleware')
#6 [internal function]: {closure}('App\\\\Middleware')
#7 Command line code(1): array_filter(Array, Object(Closure))
#8 {main}
  thrown at C:\\Users\\Administrator\\group-cv-dashboard\\vendor\\composer\\ClassLoader.php:576)
[stacktrace]
#0 {main}
"} 
[2024-12-06 12:08:28] local.ERROR: Uncaught ErrorException: include(C:\Users\Administrator\group-cv-dashboard\app\Middleware.php): Failed to open stream: Permission denied in C:\Users\Administrator\group-cv-dashboard\vendor\composer\ClassLoader.php:576
Stack trace:
#0 C:\Users\Administrator\group-cv-dashboard\vendor\laravel\framework\src\Illuminate\Foundation\Bootstrap\HandleExceptions.php(281): Illuminate\Foundation\Bootstrap\HandleExceptions->handleError(2, 'include(C:\\User...', 'C:\\Users\\Admini...', 576)
#1 C:\Users\Administrator\group-cv-dashboard\vendor\composer\ClassLoader.php(576): Illuminate\Foundation\Bootstrap\HandleExceptions->Illuminate\Foundation\Bootstrap\{closure}(2, 'include(C:\\User...', 'C:\\Users\\Admini...', 576)
#2 C:\Users\Administrator\group-cv-dashboard\vendor\composer\ClassLoader.php(576): include('C:\\Users\\Admini...')
#3 C:\Users\Administrator\group-cv-dashboard\vendor\composer\ClassLoader.php(427): Composer\Autoload\{closure}('C:\\Users\\Admini...')
#4 [internal function]: Composer\Autoload\ClassLoader->loadClass('App\\Middleware')
#5 Command line code(1): class_exists('App\\Middleware')
#6 [internal function]: {closure}('App\\Middleware')
#7 Command line code(1): array_filter(Array, Object(Closure))
#8 {main}
  thrown {"exception":"[object] (Symfony\\Component\\ErrorHandler\\Error\\FatalError(code: 0): Uncaught ErrorException: include(C:\\Users\\Administrator\\group-cv-dashboard\\app\\Middleware.php): Failed to open stream: Permission denied in C:\\Users\\Administrator\\group-cv-dashboard\\vendor\\composer\\ClassLoader.php:576
Stack trace:
#0 C:\\Users\\Administrator\\group-cv-dashboard\\vendor\\laravel\\framework\\src\\Illuminate\\Foundation\\Bootstrap\\HandleExceptions.php(281): Illuminate\\Foundation\\Bootstrap\\HandleExceptions->handleError(2, 'include(C:\\\\User...', 'C:\\\\Users\\\\Admini...', 576)
#1 C:\\Users\\Administrator\\group-cv-dashboard\\vendor\\composer\\ClassLoader.php(576): Illuminate\\Foundation\\Bootstrap\\HandleExceptions->Illuminate\\Foundation\\Bootstrap\\{closure}(2, 'include(C:\\\\User...', 'C:\\\\Users\\\\Admini...', 576)
#2 C:\\Users\\Administrator\\group-cv-dashboard\\vendor\\composer\\ClassLoader.php(576): include('C:\\\\Users\\\\Admini...')
#3 C:\\Users\\Administrator\\group-cv-dashboard\\vendor\\composer\\ClassLoader.php(427): Composer\\Autoload\\{closure}('C:\\\\Users\\\\Admini...')
#4 [internal function]: Composer\\Autoload\\ClassLoader->loadClass('App\\\\Middleware')
#5 Command line code(1): class_exists('App\\\\Middleware')
#6 [internal function]: {closure}('App\\\\Middleware')
#7 Command line code(1): array_filter(Array, Object(Closure))
#8 {main}
  thrown at C:\\Users\\Administrator\\group-cv-dashboard\\vendor\\composer\\ClassLoader.php:576)
[stacktrace]
#0 {main}
"} 
[2024-12-06 12:09:28] local.ERROR: Uncaught ErrorException: include(C:\Users\Administrator\group-cv-dashboard\app\Middleware.php): Failed to open stream: Permission denied in C:\Users\Administrator\group-cv-dashboard\vendor\composer\ClassLoader.php:576
Stack trace:
#0 C:\Users\Administrator\group-cv-dashboard\vendor\laravel\framework\src\Illuminate\Foundation\Bootstrap\HandleExceptions.php(281): Illuminate\Foundation\Bootstrap\HandleExceptions->handleError(2, 'include(C:\\User...', 'C:\\Users\\Admini...', 576)
#1 C:\Users\Administrator\group-cv-dashboard\vendor\composer\ClassLoader.php(576): Illuminate\Foundation\Bootstrap\HandleExceptions->Illuminate\Foundation\Bootstrap\{closure}(2, 'include(C:\\User...', 'C:\\Users\\Admini...', 576)
#2 C:\Users\Administrator\group-cv-dashboard\vendor\composer\ClassLoader.php(576): include('C:\\Users\\Admini...')
#3 C:\Users\Administrator\group-cv-dashboard\vendor\composer\ClassLoader.php(427): Composer\Autoload\{closure}('C:\\Users\\Admini...')
#4 [internal function]: Composer\Autoload\ClassLoader->loadClass('App\\Middleware')
#5 Command line code(1): class_exists('App\\Middleware')
#6 [internal function]: {closure}('App\\Middleware')
#7 Command line code(1): array_filter(Array, Object(Closure))
#8 {main}
  thrown {"exception":"[object] (Symfony\\Component\\ErrorHandler\\Error\\FatalError(code: 0): Uncaught ErrorException: include(C:\\Users\\Administrator\\group-cv-dashboard\\app\\Middleware.php): Failed to open stream: Permission denied in C:\\Users\\Administrator\\group-cv-dashboard\\vendor\\composer\\ClassLoader.php:576
Stack trace:
#0 C:\\Users\\Administrator\\group-cv-dashboard\\vendor\\laravel\\framework\\src\\Illuminate\\Foundation\\Bootstrap\\HandleExceptions.php(281): Illuminate\\Foundation\\Bootstrap\\HandleExceptions->handleError(2, 'include(C:\\\\User...', 'C:\\\\Users\\\\Admini...', 576)
#1 C:\\Users\\Administrator\\group-cv-dashboard\\vendor\\composer\\ClassLoader.php(576): Illuminate\\Foundation\\Bootstrap\\HandleExceptions->Illuminate\\Foundation\\Bootstrap\\{closure}(2, 'include(C:\\\\User...', 'C:\\\\Users\\\\Admini...', 576)
#2 C:\\Users\\Administrator\\group-cv-dashboard\\vendor\\composer\\ClassLoader.php(576): include('C:\\\\Users\\\\Admini...')
#3 C:\\Users\\Administrator\\group-cv-dashboard\\vendor\\composer\\ClassLoader.php(427): Composer\\Autoload\\{closure}('C:\\\\Users\\\\Admini...')
#4 [internal function]: Composer\\Autoload\\ClassLoader->loadClass('App\\\\Middleware')
#5 Command line code(1): class_exists('App\\\\Middleware')
#6 [internal function]: {closure}('App\\\\Middleware')
#7 Command line code(1): array_filter(Array, Object(Closure))
#8 {main}
  thrown at C:\\Users\\Administrator\\group-cv-dashboard\\vendor\\composer\\ClassLoader.php:576)
[stacktrace]
#0 {main}
"} 
